Start testing: May 06 20:20 PDT
----------------------------------------------------------
1/5 Testing: CalorieFunctionTest.BikingCalculationWorks
1/5 Test: CalorieFunctionTest.BikingCalculationWorks
Command: "/Users/subigyaparajuli/Desktop/TestingHw/cmake-build-debug/TestingV1Tests" "--gtest_filter=CalorieFunctionTest.BikingCalculationWorks" "--gtest_also_run_disabled_tests"
Directory: /Users/subigyaparajuli/Desktop/TestingHw/cmake-build-debug
"CalorieFunctionTest.BikingCalculationWorks" start time: May 06 20:20 PDT
Output:
----------------------------------------------------------
Running main() from /Users/subigyaparajuli/Desktop/TestingHw/extern/googletest/googletest/src/gtest_main.cc
Note: Google Test filter = CalorieFunctionTest.BikingCalculationWorks
[==========] Running 1 test from 1 test suite.
[----------] Global test environment set-up.
[----------] 1 test from CalorieFunctionTest
[ RUN      ] CalorieFunctionTest.BikingCalculationWorks
[       OK ] CalorieFunctionTest.BikingCalculationWorks (0 ms)
[----------] 1 test from CalorieFunctionTest (0 ms total)

[----------] Global test environment tear-down
[==========] 1 test from 1 test suite ran. (0 ms total)
[  PASSED  ] 1 test.
<end of output>
Test time =   0.00 sec
----------------------------------------------------------
Test Passed.
"CalorieFunctionTest.BikingCalculationWorks" end time: May 06 20:20 PDT
"CalorieFunctionTest.BikingCalculationWorks" time elapsed: 00:00:00
----------------------------------------------------------

2/5 Testing: CalorieFunctionTest.InvalidWorkoutTypeReturnsZero
2/5 Test: CalorieFunctionTest.InvalidWorkoutTypeReturnsZero
Command: "/Users/subigyaparajuli/Desktop/TestingHw/cmake-build-debug/TestingV1Tests" "--gtest_filter=CalorieFunctionTest.InvalidWorkoutTypeReturnsZero" "--gtest_also_run_disabled_tests"
Directory: /Users/subigyaparajuli/Desktop/TestingHw/cmake-build-debug
"CalorieFunctionTest.InvalidWorkoutTypeReturnsZero" start time: May 06 20:20 PDT
Output:
----------------------------------------------------------
Running main() from /Users/subigyaparajuli/Desktop/TestingHw/extern/googletest/googletest/src/gtest_main.cc
Note: Google Test filter = CalorieFunctionTest.InvalidWorkoutTypeReturnsZero
[==========] Running 1 test from 1 test suite.
[----------] Global test environment set-up.
[----------] 1 test from CalorieFunctionTest
[ RUN      ] CalorieFunctionTest.InvalidWorkoutTypeReturnsZero
[       OK ] CalorieFunctionTest.InvalidWorkoutTypeReturnsZero (0 ms)
[----------] 1 test from CalorieFunctionTest (0 ms total)

[----------] Global test environment tear-down
[==========] 1 test from 1 test suite ran. (0 ms total)
[  PASSED  ] 1 test.
<end of output>
Test time =   0.00 sec
----------------------------------------------------------
Test Passed.
"CalorieFunctionTest.InvalidWorkoutTypeReturnsZero" end time: May 06 20:20 PDT
"CalorieFunctionTest.InvalidWorkoutTypeReturnsZero" time elapsed: 00:00:00
----------------------------------------------------------

3/5 Testing: CalorieFunctionTest.RunningCalculationAccurate
3/5 Test: CalorieFunctionTest.RunningCalculationAccurate
Command: "/Users/subigyaparajuli/Desktop/TestingHw/cmake-build-debug/TestingV1Tests" "--gtest_filter=CalorieFunctionTest.RunningCalculationAccurate" "--gtest_also_run_disabled_tests"
Directory: /Users/subigyaparajuli/Desktop/TestingHw/cmake-build-debug
"CalorieFunctionTest.RunningCalculationAccurate" start time: May 06 20:20 PDT
Output:
----------------------------------------------------------
Running main() from /Users/subigyaparajuli/Desktop/TestingHw/extern/googletest/googletest/src/gtest_main.cc
Note: Google Test filter = CalorieFunctionTest.RunningCalculationAccurate
[==========] Running 1 test from 1 test suite.
[----------] Global test environment set-up.
[----------] 1 test from CalorieFunctionTest
[ RUN      ] CalorieFunctionTest.RunningCalculationAccurate
[       OK ] CalorieFunctionTest.RunningCalculationAccurate (0 ms)
[----------] 1 test from CalorieFunctionTest (0 ms total)

[----------] Global test environment tear-down
[==========] 1 test from 1 test suite ran. (0 ms total)
[  PASSED  ] 1 test.
<end of output>
Test time =   0.00 sec
----------------------------------------------------------
Test Passed.
"CalorieFunctionTest.RunningCalculationAccurate" end time: May 06 20:20 PDT
"CalorieFunctionTest.RunningCalculationAccurate" time elapsed: 00:00:00
----------------------------------------------------------

4/5 Testing: ControlFlowTest.LogWorkoutMaxLimitPreventsLogging
4/5 Test: ControlFlowTest.LogWorkoutMaxLimitPreventsLogging
Command: "/Users/subigyaparajuli/Desktop/TestingHw/cmake-build-debug/TestingV1Tests" "--gtest_filter=ControlFlowTest.LogWorkoutMaxLimitPreventsLogging" "--gtest_also_run_disabled_tests"
Directory: /Users/subigyaparajuli/Desktop/TestingHw/cmake-build-debug
"ControlFlowTest.LogWorkoutMaxLimitPreventsLogging" start time: May 06 20:20 PDT
Output:
----------------------------------------------------------
Running main() from /Users/subigyaparajuli/Desktop/TestingHw/extern/googletest/googletest/src/gtest_main.cc
Note: Google Test filter = ControlFlowTest.LogWorkoutMaxLimitPreventsLogging
[==========] Running 1 test from 1 test suite.
[----------] Global test environment set-up.
[----------] 1 test from ControlFlowTest
[ RUN      ] ControlFlowTest.LogWorkoutMaxLimitPreventsLogging
[       OK ] ControlFlowTest.LogWorkoutMaxLimitPreventsLogging (0 ms)
[----------] 1 test from ControlFlowTest (0 ms total)

[----------] Global test environment tear-down
[==========] 1 test from 1 test suite ran. (0 ms total)
[  PASSED  ] 1 test.
<end of output>
Test time =   0.00 sec
----------------------------------------------------------
Test Passed.
"ControlFlowTest.LogWorkoutMaxLimitPreventsLogging" end time: May 06 20:20 PDT
"ControlFlowTest.LogWorkoutMaxLimitPreventsLogging" time elapsed: 00:00:00
----------------------------------------------------------

5/5 Testing: EdgeCaseTest.ZeroOrNegativeInputReturnsZero
5/5 Test: EdgeCaseTest.ZeroOrNegativeInputReturnsZero
Command: "/Users/subigyaparajuli/Desktop/TestingHw/cmake-build-debug/TestingV1Tests" "--gtest_filter=EdgeCaseTest.ZeroOrNegativeInputReturnsZero" "--gtest_also_run_disabled_tests"
Directory: /Users/subigyaparajuli/Desktop/TestingHw/cmake-build-debug
"EdgeCaseTest.ZeroOrNegativeInputReturnsZero" start time: May 06 20:20 PDT
Output:
----------------------------------------------------------
Running main() from /Users/subigyaparajuli/Desktop/TestingHw/extern/googletest/googletest/src/gtest_main.cc
Note: Google Test filter = EdgeCaseTest.ZeroOrNegativeInputReturnsZero
[==========] Running 1 test from 1 test suite.
[----------] Global test environment set-up.
[----------] 1 test from EdgeCaseTest
[ RUN      ] EdgeCaseTest.ZeroOrNegativeInputReturnsZero
[       OK ] EdgeCaseTest.ZeroOrNegativeInputReturnsZero (0 ms)
[----------] 1 test from EdgeCaseTest (0 ms total)

[----------] Global test environment tear-down
[==========] 1 test from 1 test suite ran. (0 ms total)
[  PASSED  ] 1 test.
<end of output>
Test time =   0.00 sec
----------------------------------------------------------
Test Passed.
"EdgeCaseTest.ZeroOrNegativeInputReturnsZero" end time: May 06 20:20 PDT
"EdgeCaseTest.ZeroOrNegativeInputReturnsZero" time elapsed: 00:00:00
----------------------------------------------------------

End testing: May 06 20:20 PDT
